[2020-02-28T18:13:50.789] [DEBUG] forward-log - [game-server_1 msgRemote.js] session:[1,null,connector-server-1], handle message: {"id":3,"type":0,"compressRoute":0,"route":"game.chatHandler.send","body":{"rid":"room1","content":"1","from":"111","target":"*"},"compressGzip":0}
[2020-02-28T18:13:50.794] [DEBUG] forward-log - [game-server_1 msgRemote.js] session:[1,null,connector-server-1], handle message result,err:null,msg:{"id":3,"type":0,"compressRoute":0,"route":"game.chatHandler.send","body":{"rid":"room1","content":"1","from":"111","target":"*"},"compressGzip":0},resp:{}
[2020-02-28T18:23:30.054] [DEBUG] forward-log - [game-server_1 msgRemote.js] session:[2,null,connector-server-1], handle message: {"id":3,"type":0,"compressRoute":0,"route":"game.chatHandler.send","body":{"rid":"room1","content":"111","from":"222","target":"*"},"compressGzip":0}
[2020-02-28T18:23:30.059] [DEBUG] forward-log - [game-server_1 msgRemote.js] session:[2,null,connector-server-1], handle message result,err:null,msg:{"id":3,"type":0,"compressRoute":0,"route":"game.chatHandler.send","body":{"rid":"room1","content":"111","from":"222","target":"*"},"compressGzip":0},resp:{}
[2020-02-28T18:26:09.677] [DEBUG] forward-log - [game-server_1 msgRemote.js] session:[2,null,connector-server-1], handle message: {"id":5,"type":0,"compressRoute":0,"route":"game.chatHandler.send","body":{"rid":"room1","content":"1111","from":"111","target":"*"},"compressGzip":0}
[2020-02-28T18:26:09.682] [DEBUG] forward-log - [game-server_1 msgRemote.js] session:[2,null,connector-server-1], handle message result,err:null,msg:{"id":5,"type":0,"compressRoute":0,"route":"game.chatHandler.send","body":{"rid":"room1","content":"1111","from":"111","target":"*"},"compressGzip":0},resp:{}
[2020-02-28T18:27:47.237] [DEBUG] forward-log - [game-server_1 msgRemote.js] session:[3,null,connector-server-1], handle message: {"id":3,"type":0,"compressRoute":0,"route":"game.chatHandler.send","body":{"rid":"room1","content":"qqq","from":"111","target":"*"},"compressGzip":0}
[2020-02-28T18:27:47.238] [DEBUG] forward-log - [game-server_1 msgRemote.js] session:[3,null,connector-server-1], handle message result,err:null,msg:{"id":3,"type":0,"compressRoute":0,"route":"game.chatHandler.send","body":{"rid":"room1","content":"qqq","from":"111","target":"*"},"compressGzip":0},resp:{}
[2020-02-28T18:34:13.007] [DEBUG] forward-log - [game-server_1 msgRemote.js] session:[3,null,connector-server-1], handle message: {"id":4,"type":0,"compressRoute":0,"route":"game.chatHandler.send","body":{"rid":"room1","content":"asd","from":"111","target":"*"},"compressGzip":0}
[2020-02-28T18:35:00.559] [DEBUG] forward-log - [game-server_1 msgRemote.js] session:[3,null,connector-server-1], handle message result,err:null,msg:{"id":4,"type":0,"compressRoute":0,"route":"game.chatHandler.send","body":{"rid":"room1","content":"asd","from":"111","target":"*"},"compressGzip":0},resp:{}
[2020-02-28T18:38:36.814] [DEBUG] forward-log - [game-server_1 msgRemote.js] session:[4,null,connector-server-1], handle message: {"id":3,"type":0,"compressRoute":0,"route":"game.chatHandler.send","body":{"rid":"room1","content":"q","from":"111","target":"*"},"compressGzip":0}
[2020-02-28T18:38:58.131] [DEBUG] forward-log - [game-server_1 msgRemote.js] session:[4,null,connector-server-1], handle message result,err:null,msg:{"id":3,"type":0,"compressRoute":0,"route":"game.chatHandler.send","body":{"rid":"room1","content":"q","from":"111","target":"*"},"compressGzip":0},resp:{}
[2020-02-28T18:44:48.501] [DEBUG] forward-log - [game-server_1 msgRemote.js] session:[2,null,connector-server-1], handle message: {"id":8,"type":0,"compressRoute":0,"route":"game.chatHandler.send","body":{"rid":"room1","content":"aaa","from":"222","target":"*"},"compressGzip":0}
[2020-02-28T18:44:48.508] [DEBUG] forward-log - [game-server_1 msgRemote.js] session:[2,null,connector-server-1], handle message result,err:null,msg:{"id":8,"type":0,"compressRoute":0,"route":"game.chatHandler.send","body":{"rid":"room1","content":"aaa","from":"222","target":"*"},"compressGzip":0},resp:{}
[2020-02-28T18:54:44.212] [DEBUG] forward-log - [game-server_1 msgRemote.js] session:[1,null,connector-server-1], handle message: {"id":5,"type":0,"compressRoute":0,"route":"game.chatHandler.send","body":{"rid":"room","content":"qqqq","from":"1111111","target":"*"},"compressGzip":0}
[2020-02-28T18:54:58.592] [DEBUG] forward-log - [game-server_1 msgRemote.js] session:[1,null,connector-server-1], handle message result,err:null,msg:{"id":5,"type":0,"compressRoute":0,"route":"game.chatHandler.send","body":{"rid":"room","content":"qqqq","from":"1111111","target":"*"},"compressGzip":0},resp:{}
[2020-02-28T19:06:49.605] [DEBUG] forward-log - [game-server_1 msgRemote.js] session:[3,null,connector-server-1], handle message: {"id":3,"type":0,"compressRoute":0,"route":"game.chatHandler.send","body":{"rid":"222","content":"sadas","from":"111","target":"*"},"compressGzip":0}
[2020-02-28T19:07:53.772] [DEBUG] forward-log - [game-server_1 msgRemote.js] session:[3,null,connector-server-1], handle message result,err:null,msg:{"id":3,"type":0,"compressRoute":0,"route":"game.chatHandler.send","body":{"rid":"222","content":"sadas","from":"111","target":"*"},"compressGzip":0},resp:{}
[2020-03-02T10:37:37.894] [DEBUG] forward-log - [game-server_1 msgRemote.js] session:[1,null,connector-server-1], handle message: {"id":3,"type":0,"compressRoute":0,"route":"game.chatHandler.send","body":{"rid":"room1","content":"1","from":"12312","target":"*"},"compressGzip":0}
[2020-03-02T10:37:37.903] [DEBUG] forward-log - [game-server_1 msgRemote.js] session:[1,null,connector-server-1], handle message result,err:null,msg:{"id":3,"type":0,"compressRoute":0,"route":"game.chatHandler.send","body":{"rid":"room1","content":"1","from":"12312","target":"*"},"compressGzip":0},resp:{}
[2020-03-02T10:38:28.598] [DEBUG] forward-log - [game-server_1 msgRemote.js] session:[3,null,connector-server-1], handle message: {"id":3,"type":0,"compressRoute":0,"route":"game.chatHandler.send","body":{"rid":"room1","content":"1sasd","from":"555","target":"12312"},"compressGzip":0}
[2020-03-02T10:38:28.635] [DEBUG] forward-log - [game-server_1 msgRemote.js] session:[3,null,connector-server-1], handle message result,err:{},msg:{"id":3,"type":0,"compressRoute":0,"route":"game.chatHandler.send","body":{"rid":"room1","content":"1sasd","from":"555","target":"12312"},"compressGzip":0},resp:undefined
[2020-03-02T10:41:05.478] [DEBUG] forward-log - [game-server_1 msgRemote.js] session:[3,null,connector-server-1], handle message: {"id":4,"type":0,"compressRoute":0,"route":"game.chatHandler.send","body":{"rid":"room1","content":"asdasd","from":"555","target":"12312"},"compressGzip":0}
[2020-03-02T10:41:55.688] [DEBUG] forward-log - [game-server_1 msgRemote.js] session:[3,null,connector-server-1], handle message result,err:{},msg:{"id":4,"type":0,"compressRoute":0,"route":"game.chatHandler.send","body":{"rid":"room1","content":"asdasd","from":"555","target":"12312"},"compressGzip":0},resp:undefined
[2020-03-02T10:45:41.567] [DEBUG] forward-log - [game-server_1 msgRemote.js] session:[3,null,connector-server-1], handle message: {"id":3,"type":0,"compressRoute":0,"route":"game.chatHandler.send","body":{"rid":"room1","content":"asdasd","from":"1111","target":"*"},"compressGzip":0}
[2020-03-02T10:45:41.572] [DEBUG] forward-log - [game-server_1 msgRemote.js] session:[3,null,connector-server-1], handle message result,err:null,msg:{"id":3,"type":0,"compressRoute":0,"route":"game.chatHandler.send","body":{"rid":"room1","content":"asdasd","from":"1111","target":"*"},"compressGzip":0},resp:{}
[2020-03-02T10:46:42.861] [DEBUG] forward-log - [game-server_1 msgRemote.js] session:[4,null,connector-server-1], handle message: {"id":3,"type":0,"compressRoute":0,"route":"game.chatHandler.send","body":{"rid":"room1","content":"asdasdasd","from":"2222","target":"12312"},"compressGzip":0}
[2020-03-02T10:46:42.912] [DEBUG] forward-log - [game-server_1 msgRemote.js] session:[4,null,connector-server-1], handle message result,err:{},msg:{"id":3,"type":0,"compressRoute":0,"route":"game.chatHandler.send","body":{"rid":"room1","content":"asdasdasd","from":"2222","target":"12312"},"compressGzip":0},resp:undefined
[2020-03-02T10:52:06.109] [DEBUG] forward-log - [game-server_1 msgRemote.js] session:[1,null,connector-server-1], handle message: {"id":3,"type":0,"compressRoute":0,"route":"game.chatHandler.send","body":{"rid":"aaa","content":"asdasd","from":"123","target":"123"},"compressGzip":0}
[2020-03-02T10:52:06.164] [DEBUG] forward-log - [game-server_1 msgRemote.js] session:[1,null,connector-server-1], handle message result,err:{},msg:{"id":3,"type":0,"compressRoute":0,"route":"game.chatHandler.send","body":{"rid":"aaa","content":"asdasd","from":"123","target":"123"},"compressGzip":0},resp:undefined
[2020-03-02T10:59:07.981] [DEBUG] forward-log - [game-server_1 msgRemote.js] session:[2,null,connector-server-1], handle message: {"id":5,"type":0,"compressRoute":0,"route":"game.chatHandler.send","body":{"rid":"aaa","content":"asdasd","from":"1234","target":"123"},"compressGzip":0}
[2020-03-02T10:59:08.034] [DEBUG] forward-log - [game-server_1 msgRemote.js] session:[2,null,connector-server-1], handle message result,err:{},msg:{"id":5,"type":0,"compressRoute":0,"route":"game.chatHandler.send","body":{"rid":"aaa","content":"asdasd","from":"1234","target":"123"},"compressGzip":0},resp:undefined
[2020-03-02T11:01:13.244] [DEBUG] forward-log - [game-server_1 msgRemote.js] session:[2,null,connector-server-1], handle message: {"id":8,"type":0,"compressRoute":0,"route":"game.chatHandler.send","body":{"rid":"aaa","content":"asdasdas","from":"123","target":"1234"},"compressGzip":0}
[2020-03-02T11:01:13.252] [DEBUG] forward-log - [game-server_1 msgRemote.js] session:[2,null,connector-server-1], handle message result,err:null,msg:{"id":8,"type":0,"compressRoute":0,"route":"game.chatHandler.send","body":{"rid":"aaa","content":"asdasdas","from":"123","target":"1234"},"compressGzip":0},resp:{}
[2020-03-02T11:18:41.709] [DEBUG] forward-log - [game-server_1 msgRemote.js] session:[2,null,connector-server-1], handle message: {"id":3,"type":0,"compressRoute":0,"route":"game.chatHandler.send","body":{"rid":"aaa","content":"asdasd","from":"222","target":"*"},"compressGzip":0}
[2020-03-02T11:18:41.715] [DEBUG] forward-log - [game-server_1 msgRemote.js] session:[2,null,connector-server-1], handle message result,err:null,msg:{"id":3,"type":0,"compressRoute":0,"route":"game.chatHandler.send","body":{"rid":"aaa","content":"asdasd","from":"222","target":"*"},"compressGzip":0},resp:{}
[2020-03-02T11:19:04.148] [DEBUG] forward-log - [game-server_1 msgRemote.js] session:[2,null,connector-server-1], handle message: {"id":4,"type":0,"compressRoute":0,"route":"game.chatHandler.send","body":{"rid":"aaa","content":"sadasd","from":"222","target":"111"},"compressGzip":0}
[2020-03-02T11:19:04.150] [DEBUG] forward-log - [game-server_1 msgRemote.js] session:[2,null,connector-server-1], handle message result,err:null,msg:{"id":4,"type":0,"compressRoute":0,"route":"game.chatHandler.send","body":{"rid":"aaa","content":"sadasd","from":"222","target":"111"},"compressGzip":0},resp:{}
[2020-03-02T11:35:02.333] [DEBUG] forward-log - [game-server_1 msgRemote.js] session:[1,null,connector-server-1], handle message: {"id":3,"type":0,"compressRoute":0,"route":"game.chatHandler.send","body":{"rid":"aaa","content":"asa","from":"111","target":"111"},"compressGzip":0}
[2020-03-02T11:36:02.764] [DEBUG] forward-log - [game-server_1 msgRemote.js] session:[1,null,connector-server-1], handle message result,err:null,msg:{"id":3,"type":0,"compressRoute":0,"route":"game.chatHandler.send","body":{"rid":"aaa","content":"asa","from":"111","target":"111"},"compressGzip":0},resp:{}
[2020-03-02T11:36:09.177] [DEBUG] forward-log - [game-server_1 msgRemote.js] session:[1,null,connector-server-1], handle message: {"id":4,"type":0,"compressRoute":0,"route":"game.chatHandler.send","body":{"rid":"aaa","content":"sadas","from":"111","target":"111"},"compressGzip":0}
[2020-03-02T11:38:04.113] [DEBUG] forward-log - [game-server_1 msgRemote.js] session:[1,null,connector-server-1], handle message result,err:null,msg:{"id":4,"type":0,"compressRoute":0,"route":"game.chatHandler.send","body":{"rid":"aaa","content":"sadas","from":"111","target":"111"},"compressGzip":0},resp:{}
[2020-03-02T11:44:32.583] [DEBUG] forward-log - [game-server_1 msgRemote.js] session:[2,null,connector-server-1], handle message: {"id":7,"type":0,"compressRoute":0,"route":"game.chatHandler.send","body":{"rid":"aaa","content":"asdasd","from":"111","target":"*"},"compressGzip":0}
[2020-03-02T11:44:32.594] [DEBUG] forward-log - [game-server_1 msgRemote.js] session:[2,null,connector-server-1], handle message result,err:null,msg:{"id":7,"type":0,"compressRoute":0,"route":"game.chatHandler.send","body":{"rid":"aaa","content":"asdasd","from":"111","target":"*"},"compressGzip":0},resp:{}
[2020-03-02T11:44:36.258] [DEBUG] forward-log - [game-server_1 msgRemote.js] session:[2,null,connector-server-1], handle message: {"id":8,"type":0,"compressRoute":0,"route":"game.chatHandler.send","body":{"rid":"aaa","content":"sdfsd","from":"111","target":"111"},"compressGzip":0}
[2020-03-02T11:44:36.260] [DEBUG] forward-log - [game-server_1 msgRemote.js] session:[2,null,connector-server-1], handle message result,err:null,msg:{"id":8,"type":0,"compressRoute":0,"route":"game.chatHandler.send","body":{"rid":"aaa","content":"sdfsd","from":"111","target":"111"},"compressGzip":0},resp:{}
[2020-03-02T11:44:49.010] [DEBUG] forward-log - [game-server_1 msgRemote.js] session:[1,null,connector-server-1], handle message: {"id":7,"type":0,"compressRoute":0,"route":"game.chatHandler.send","body":{"rid":"aaa","content":"asdasd","from":"222","target":"222"},"compressGzip":0}
[2020-03-02T11:44:49.012] [DEBUG] forward-log - [game-server_1 msgRemote.js] session:[1,null,connector-server-1], handle message result,err:null,msg:{"id":7,"type":0,"compressRoute":0,"route":"game.chatHandler.send","body":{"rid":"aaa","content":"asdasd","from":"222","target":"222"},"compressGzip":0},resp:{}
[2020-03-02T14:23:31.137] [DEBUG] forward-log - [game-server_1 msgRemote.js] session:[1,null,connector-server-1], handle message: {"id":3,"type":0,"compressRoute":0,"route":"game.chatHandler.send","body":{"rid":"aas","content":"asdasd","from":"111","target":"*"},"compressGzip":0}
[2020-03-02T14:23:31.146] [DEBUG] forward-log - [game-server_1 msgRemote.js] session:[1,null,connector-server-1], handle message result,err:null,msg:{"id":3,"type":0,"compressRoute":0,"route":"game.chatHandler.send","body":{"rid":"aas","content":"asdasd","from":"111","target":"*"},"compressGzip":0},resp:{}
[2020-03-02T14:23:35.649] [DEBUG] forward-log - [game-server_1 msgRemote.js] session:[1,null,connector-server-1], handle message: {"id":4,"type":0,"compressRoute":0,"route":"game.chatHandler.send","body":{"rid":"aas","content":"dsfsdf","from":"111","target":"111"},"compressGzip":0}
[2020-03-02T14:23:35.650] [DEBUG] forward-log - [game-server_1 msgRemote.js] session:[1,null,connector-server-1], handle message result,err:null,msg:{"id":4,"type":0,"compressRoute":0,"route":"game.chatHandler.send","body":{"rid":"aas","content":"dsfsdf","from":"111","target":"111"},"compressGzip":0},resp:{}
[2020-03-02T14:28:04.152] [DEBUG] forward-log - [game-server_1 msgRemote.js] session:[3,null,connector-server-1], handle message: {"id":3,"type":0,"compressRoute":0,"route":"game.chatHandler.send","body":{"rid":"1111","content":"hi","from":"222","target":"asdas"},"compressGzip":0}
[2020-03-02T14:28:04.153] [DEBUG] forward-log - [game-server_1 msgRemote.js] session:[3,null,connector-server-1], handle message result,err:null,msg:{"id":3,"type":0,"compressRoute":0,"route":"game.chatHandler.send","body":{"rid":"1111","content":"hi","from":"222","target":"asdas"},"compressGzip":0},resp:{}
[2020-03-02T14:34:07.409] [DEBUG] forward-log - [game-server_1 msgRemote.js] session:[1,null,connector-server-1], handle message: {"id":6,"type":0,"compressRoute":0,"route":"game.chatHandler.send","body":{"rid":"1111","content":"asdasdas","from":"222","target":"222"},"compressGzip":0}
[2020-03-02T14:34:07.415] [DEBUG] forward-log - [game-server_1 msgRemote.js] session:[1,null,connector-server-1], handle message result,err:null,msg:{"id":6,"type":0,"compressRoute":0,"route":"game.chatHandler.send","body":{"rid":"1111","content":"asdasdas","from":"222","target":"222"},"compressGzip":0},resp:{}
[2020-03-02T14:42:46.576] [DEBUG] forward-log - [game-server_1 msgRemote.js] session:[1,null,connector-server-1], handle message: {"id":9,"type":0,"compressRoute":0,"route":"game.chatHandler.send","body":{"rid":"1111","content":"asdasd","from":"222","target":"222"},"compressGzip":0}
[2020-03-02T14:42:46.582] [DEBUG] forward-log - [game-server_1 msgRemote.js] session:[1,null,connector-server-1], handle message result,err:null,msg:{"id":9,"type":0,"compressRoute":0,"route":"game.chatHandler.send","body":{"rid":"1111","content":"asdasd","from":"222","target":"222"},"compressGzip":0},resp:{}
[2020-03-02T14:49:30.168] [DEBUG] forward-log - [game-server_1 msgRemote.js] session:[2,222*1111,connector-server-1], handle message: {"id":12,"type":0,"compressRoute":0,"route":"game.chatHandler.send","body":{"rid":"1111","content":"asdasd","from":"222","target":"*"},"compressGzip":0}
[2020-03-02T14:49:30.174] [DEBUG] forward-log - [game-server_1 msgRemote.js] session:[2,222*1111,connector-server-1], handle message result,err:null,msg:{"id":12,"type":0,"compressRoute":0,"route":"game.chatHandler.send","body":{"rid":"1111","content":"asdasd","from":"222","target":"*"},"compressGzip":0},resp:{}
[2020-03-02T15:33:37.471] [DEBUG] forward-log - [game-server_1 msgRemote.js] session:[3,3*a,connector-server-1], handle message: {"id":3,"type":0,"compressRoute":0,"route":"game.chatHandler.send","body":{"rid":"a","content":"1","from":"3","target":"*"},"compressGzip":0}
[2020-03-02T15:33:37.477] [DEBUG] forward-log - [game-server_1 msgRemote.js] session:[3,3*a,connector-server-1], handle message result,err:null,msg:{"id":3,"type":0,"compressRoute":0,"route":"game.chatHandler.send","body":{"rid":"a","content":"1","from":"3","target":"*"},"compressGzip":0},resp:{}
