[2020-02-28T18:34:42.805] [ERROR] pinus-rpc - [connector-server-1 mqtt-mailbox] mqtt rpc client connector-server-1 checkKeepAlive timeout from remote server game-server_1 for 20000 lastPing: 1582886062767 lastPong: 1582886052786Error: 
    at Logger.pLogger.<computed> [as error] (C:\Users\Administrator\Desktop\testServer\game-server\node_modules\pinus-logger\lib\logger.ts:70:34)
    at MailBox.checkKeepAlive (C:\Users\Administrator\Desktop\testServer\game-server\node_modules\pinus-rpc\lib\rpc-client\mailboxes\mqtt-mailbox.ts:221:28)
    at Timeout._onTimeout (C:\Users\Administrator\Desktop\testServer\game-server\node_modules\pinus-rpc\lib\rpc-client\mailboxes\mqtt-mailbox.ts:206:18)
    at listOnTimeout (internal/timers.js:531:17)
    at processTimers (internal/timers.js:475:7)
[2020-02-28T18:34:43.008] [ERROR] pinus-rpc - [connector-server-1 mqtt-mailbox] rpc connector-server-1 callback timeout 30000, remote server 5 host: 127.0.0.1, port: 6050Error: 
    at Logger.pLogger.<computed> [as error] (C:\Users\Administrator\Desktop\testServer\game-server\node_modules\pinus-logger\lib\logger.ts:70:34)
    at Timeout.<anonymous> (C:\Users\Administrator\Desktop\testServer\game-server\node_modules\pinus-rpc\lib\rpc-client\mailboxes\mqtt-mailbox.ts:288:20)
    at listOnTimeout (internal/timers.js:531:17)
    at processTimers (internal/timers.js:475:7)
[2020-02-28T18:34:43.061] [ERROR] pinus-rpc - [connector-server-1 MailStation] [pinus-rpc] fail to send message Error: rpc connector-server-1 callback timeout 30000, remote server 5 host: 127.0.0.1, port: 6050
    at Timeout.<anonymous> (C:\Users\Administrator\Desktop\testServer\game-server\node_modules\pinus-rpc\lib\rpc-client\mailboxes\mqtt-mailbox.ts:289:24)
    at listOnTimeout (internal/timers.js:531:17)
    at processTimers (internal/timers.js:475:7)Error: 
    at Logger.pLogger.<computed> [as error] (C:\Users\Administrator\Desktop\testServer\game-server\node_modules\pinus-logger\lib\logger.ts:70:34)
    at C:\Users\Administrator\Desktop\testServer\game-server\node_modules\pinus-rpc\lib\rpc-client\mailstation.ts:289:28
    at Timeout.<anonymous> (C:\Users\Administrator\Desktop\testServer\game-server\node_modules\pinus-rpc\lib\rpc-client\mailboxes\mqtt-mailbox.ts:289:13)
    at listOnTimeout (internal/timers.js:531:17)
    at processTimers (internal/timers.js:475:7)
[2020-02-28T18:34:43.092] [ERROR] pinus-rpc - [connector-server-1 failprocess] rpc failed with error, remote server: game-server_1, msg: {"namespace":"sys","serverType":"game","service":"msgRemote","method":"forwardMessage","args":[{"id":4,"type":0,"compressRoute":0,"route":"game.chatHandler.send","body":{"rid":"room1","content":"asd","from":"111","target":"*"},"compressGzip":0},{"id":3,"frontendId":"connector-server-1","uid":null,"settings":{"rid":"room1"}}]}, error code: 5Error: 
    at Logger.pLogger.<computed> [as error] (C:\Users\Administrator\Desktop\testServer\game-server\node_modules\pinus-logger\lib\logger.ts:70:34)
    at MailStation.failfast (C:\Users\Administrator\Desktop\testServer\game-server\node_modules\pinus-rpc\lib\rpc-client\failureProcess.ts:158:12)
    at MailStation.failureProcess (C:\Users\Administrator\Desktop\testServer\game-server\node_modules\pinus-rpc\lib\rpc-client\failureProcess.ts:34:12)
    at MailStation.emit (events.js:210:5)
    at C:\Users\Administrator\Desktop\testServer\game-server\node_modules\pinus-rpc\lib\rpc-client\mailstation.ts:290:26
    at Timeout.<anonymous> (C:\Users\Administrator\Desktop\testServer\game-server\node_modules\pinus-rpc\lib\rpc-client\mailboxes\mqtt-mailbox.ts:289:13)
    at listOnTimeout (internal/timers.js:531:17)
    at processTimers (internal/timers.js:475:7)
[2020-02-28T18:50:32.264] [ERROR] pinus-rpc - [connector-server-1 mqtt-mailbox] rpc connector-server-1 callback timeout 30000, remote server 0 host: 127.0.0.1, port: 6050Error: 
    at Logger.pLogger.<computed> [as error] (C:\Users\Administrator\Desktop\testServer\game-server\node_modules\pinus-logger\lib\logger.ts:70:34)
    at Timeout.<anonymous> (C:\Users\Administrator\Desktop\testServer\game-server\node_modules\pinus-rpc\lib\rpc-client\mailboxes\mqtt-mailbox.ts:288:20)
    at listOnTimeout (internal/timers.js:531:17)
    at processTimers (internal/timers.js:475:7)
[2020-02-28T18:50:32.271] [ERROR] pinus-rpc - [connector-server-1 MailStation] [pinus-rpc] fail to send message Error: rpc connector-server-1 callback timeout 30000, remote server 0 host: 127.0.0.1, port: 6050
    at Timeout.<anonymous> (C:\Users\Administrator\Desktop\testServer\game-server\node_modules\pinus-rpc\lib\rpc-client\mailboxes\mqtt-mailbox.ts:289:24)
    at listOnTimeout (internal/timers.js:531:17)
    at processTimers (internal/timers.js:475:7)Error: 
    at Logger.pLogger.<computed> [as error] (C:\Users\Administrator\Desktop\testServer\game-server\node_modules\pinus-logger\lib\logger.ts:70:34)
    at C:\Users\Administrator\Desktop\testServer\game-server\node_modules\pinus-rpc\lib\rpc-client\mailstation.ts:289:28
    at Timeout.<anonymous> (C:\Users\Administrator\Desktop\testServer\game-server\node_modules\pinus-rpc\lib\rpc-client\mailboxes\mqtt-mailbox.ts:289:13)
    at listOnTimeout (internal/timers.js:531:17)
    at processTimers (internal/timers.js:475:7)
[2020-02-28T18:50:32.276] [ERROR] pinus-rpc - [connector-server-1 failprocess] rpc failed with error, remote server: game-server_1, msg: {"namespace":"user","serverType":"game","service":"gameRemote","method":"add","args":["1111111","connector-server-1","room",true]}, error code: 5Error: 
    at Logger.pLogger.<computed> [as error] (C:\Users\Administrator\Desktop\testServer\game-server\node_modules\pinus-logger\lib\logger.ts:70:34)
    at MailStation.failfast (C:\Users\Administrator\Desktop\testServer\game-server\node_modules\pinus-rpc\lib\rpc-client\failureProcess.ts:158:12)
    at MailStation.failureProcess (C:\Users\Administrator\Desktop\testServer\game-server\node_modules\pinus-rpc\lib\rpc-client\failureProcess.ts:34:12)
    at MailStation.emit (events.js:210:5)
    at C:\Users\Administrator\Desktop\testServer\game-server\node_modules\pinus-rpc\lib\rpc-client\mailstation.ts:290:26
    at Timeout.<anonymous> (C:\Users\Administrator\Desktop\testServer\game-server\node_modules\pinus-rpc\lib\rpc-client\mailboxes\mqtt-mailbox.ts:289:13)
    at listOnTimeout (internal/timers.js:531:17)
    at processTimers (internal/timers.js:475:7)
[2020-02-28T18:50:32.310] [ERROR] pinus-rpc - [connector-server-1 mqtt-mailbox] mqtt rpc client connector-server-1 checkKeepAlive timeout from remote server game-server_1 for 20000 lastPing: 1582887012244 lastPong: -1Error: 
    at Logger.pLogger.<computed> [as error] (C:\Users\Administrator\Desktop\testServer\game-server\node_modules\pinus-logger\lib\logger.ts:70:34)
    at MailBox.checkKeepAlive (C:\Users\Administrator\Desktop\testServer\game-server\node_modules\pinus-rpc\lib\rpc-client\mailboxes\mqtt-mailbox.ts:221:28)
    at Timeout._onTimeout (C:\Users\Administrator\Desktop\testServer\game-server\node_modules\pinus-rpc\lib\rpc-client\mailboxes\mqtt-mailbox.ts:206:18)
    at listOnTimeout (internal/timers.js:531:17)
    at processTimers (internal/timers.js:475:7)
[2020-02-28T19:07:14.775] [ERROR] pinus-rpc - [connector-server-1 mqtt-mailbox] mqtt rpc client connector-server-1 checkKeepAlive timeout from remote server game-server_1 for 20000 lastPing: 1582888014711 lastPong: 1582888004712Error: 
    at Logger.pLogger.<computed> [as error] (C:\Users\Administrator\Desktop\testServer\game-server\node_modules\pinus-logger\lib\logger.ts:70:34)
    at MailBox.checkKeepAlive (C:\Users\Administrator\Desktop\testServer\game-server\node_modules\pinus-rpc\lib\rpc-client\mailboxes\mqtt-mailbox.ts:221:28)
    at Timeout._onTimeout (C:\Users\Administrator\Desktop\testServer\game-server\node_modules\pinus-rpc\lib\rpc-client\mailboxes\mqtt-mailbox.ts:206:18)
    at listOnTimeout (internal/timers.js:531:17)
    at processTimers (internal/timers.js:475:7)
[2020-02-28T19:07:19.605] [ERROR] pinus-rpc - [connector-server-1 mqtt-mailbox] rpc connector-server-1 callback timeout 30000, remote server 4 host: 127.0.0.1, port: 6050Error: 
    at Logger.pLogger.<computed> [as error] (C:\Users\Administrator\Desktop\testServer\game-server\node_modules\pinus-logger\lib\logger.ts:70:34)
    at Timeout.<anonymous> (C:\Users\Administrator\Desktop\testServer\game-server\node_modules\pinus-rpc\lib\rpc-client\mailboxes\mqtt-mailbox.ts:288:20)
    at listOnTimeout (internal/timers.js:531:17)
    at processTimers (internal/timers.js:475:7)
[2020-02-28T19:07:19.635] [ERROR] pinus-rpc - [connector-server-1 MailStation] [pinus-rpc] fail to send message Error: rpc connector-server-1 callback timeout 30000, remote server 4 host: 127.0.0.1, port: 6050
    at Timeout.<anonymous> (C:\Users\Administrator\Desktop\testServer\game-server\node_modules\pinus-rpc\lib\rpc-client\mailboxes\mqtt-mailbox.ts:289:24)
    at listOnTimeout (internal/timers.js:531:17)
    at processTimers (internal/timers.js:475:7)Error: 
    at Logger.pLogger.<computed> [as error] (C:\Users\Administrator\Desktop\testServer\game-server\node_modules\pinus-logger\lib\logger.ts:70:34)
    at C:\Users\Administrator\Desktop\testServer\game-server\node_modules\pinus-rpc\lib\rpc-client\mailstation.ts:289:28
    at Timeout.<anonymous> (C:\Users\Administrator\Desktop\testServer\game-server\node_modules\pinus-rpc\lib\rpc-client\mailboxes\mqtt-mailbox.ts:289:13)
    at listOnTimeout (internal/timers.js:531:17)
    at processTimers (internal/timers.js:475:7)
[2020-02-28T19:07:19.644] [ERROR] pinus-rpc - [connector-server-1 failprocess] rpc failed with error, remote server: game-server_1, msg: {"namespace":"sys","serverType":"game","service":"msgRemote","method":"forwardMessage","args":[{"id":3,"type":0,"compressRoute":0,"route":"game.chatHandler.send","body":{"rid":"222","content":"sadas","from":"111","target":"*"},"compressGzip":0},{"id":3,"frontendId":"connector-server-1","uid":null,"settings":{"rid":"222"}}]}, error code: 5Error: 
    at Logger.pLogger.<computed> [as error] (C:\Users\Administrator\Desktop\testServer\game-server\node_modules\pinus-logger\lib\logger.ts:70:34)
    at MailStation.failfast (C:\Users\Administrator\Desktop\testServer\game-server\node_modules\pinus-rpc\lib\rpc-client\failureProcess.ts:158:12)
    at MailStation.failureProcess (C:\Users\Administrator\Desktop\testServer\game-server\node_modules\pinus-rpc\lib\rpc-client\failureProcess.ts:34:12)
    at MailStation.emit (events.js:210:5)
    at C:\Users\Administrator\Desktop\testServer\game-server\node_modules\pinus-rpc\lib\rpc-client\mailstation.ts:290:26
    at Timeout.<anonymous> (C:\Users\Administrator\Desktop\testServer\game-server\node_modules\pinus-rpc\lib\rpc-client\mailboxes\mqtt-mailbox.ts:289:13)
    at listOnTimeout (internal/timers.js:531:17)
    at processTimers (internal/timers.js:475:7)
[2020-03-02T10:41:35.479] [ERROR] pinus-rpc - [connector-server-1 mqtt-mailbox] rpc connector-server-1 callback timeout 30000, remote server 5 host: 127.0.0.1, port: 6050Error: 
    at Logger.pLogger.<computed> [as error] (C:\Users\Administrator\Desktop\testServer\game-server\node_modules\pinus-logger\lib\logger.ts:70:34)
    at Timeout.<anonymous> (C:\Users\Administrator\Desktop\testServer\game-server\node_modules\pinus-rpc\lib\rpc-client\mailboxes\mqtt-mailbox.ts:288:20)
    at listOnTimeout (internal/timers.js:531:17)
    at processTimers (internal/timers.js:475:7)
[2020-03-02T10:41:35.480] [ERROR] pinus-rpc - [connector-server-1 MailStation] [pinus-rpc] fail to send message Error: rpc connector-server-1 callback timeout 30000, remote server 5 host: 127.0.0.1, port: 6050
    at Timeout.<anonymous> (C:\Users\Administrator\Desktop\testServer\game-server\node_modules\pinus-rpc\lib\rpc-client\mailboxes\mqtt-mailbox.ts:289:24)
    at listOnTimeout (internal/timers.js:531:17)
    at processTimers (internal/timers.js:475:7)Error: 
    at Logger.pLogger.<computed> [as error] (C:\Users\Administrator\Desktop\testServer\game-server\node_modules\pinus-logger\lib\logger.ts:70:34)
    at C:\Users\Administrator\Desktop\testServer\game-server\node_modules\pinus-rpc\lib\rpc-client\mailstation.ts:289:28
    at Timeout.<anonymous> (C:\Users\Administrator\Desktop\testServer\game-server\node_modules\pinus-rpc\lib\rpc-client\mailboxes\mqtt-mailbox.ts:289:13)
    at listOnTimeout (internal/timers.js:531:17)
    at processTimers (internal/timers.js:475:7)
[2020-03-02T10:41:35.487] [ERROR] pinus-rpc - [connector-server-1 failprocess] rpc failed with error, remote server: game-server_1, msg: {"namespace":"sys","serverType":"game","service":"msgRemote","method":"forwardMessage","args":[{"id":4,"type":0,"compressRoute":0,"route":"game.chatHandler.send","body":{"rid":"room1","content":"asdasd","from":"555","target":"12312"},"compressGzip":0},{"id":3,"frontendId":"connector-server-1","uid":null,"settings":{"rid":"room1"}}]}, error code: 5Error: 
    at Logger.pLogger.<computed> [as error] (C:\Users\Administrator\Desktop\testServer\game-server\node_modules\pinus-logger\lib\logger.ts:70:34)
    at MailStation.failfast (C:\Users\Administrator\Desktop\testServer\game-server\node_modules\pinus-rpc\lib\rpc-client\failureProcess.ts:158:12)
    at MailStation.failureProcess (C:\Users\Administrator\Desktop\testServer\game-server\node_modules\pinus-rpc\lib\rpc-client\failureProcess.ts:34:12)
    at MailStation.emit (events.js:210:5)
    at C:\Users\Administrator\Desktop\testServer\game-server\node_modules\pinus-rpc\lib\rpc-client\mailstation.ts:290:26
    at Timeout.<anonymous> (C:\Users\Administrator\Desktop\testServer\game-server\node_modules\pinus-rpc\lib\rpc-client\mailboxes\mqtt-mailbox.ts:289:13)
    at listOnTimeout (internal/timers.js:531:17)
    at processTimers (internal/timers.js:475:7)
[2020-03-02T10:41:40.875] [ERROR] pinus-rpc - [connector-server-1 mqtt-mailbox] mqtt rpc client connector-server-1 checkKeepAlive timeout from remote server game-server_1 for 20000 lastPing: 1583116870874 lastPong: 1583116860877Error: 
    at Logger.pLogger.<computed> [as error] (C:\Users\Administrator\Desktop\testServer\game-server\node_modules\pinus-logger\lib\logger.ts:70:34)
    at MailBox.checkKeepAlive (C:\Users\Administrator\Desktop\testServer\game-server\node_modules\pinus-rpc\lib\rpc-client\mailboxes\mqtt-mailbox.ts:221:28)
    at Timeout._onTimeout (C:\Users\Administrator\Desktop\testServer\game-server\node_modules\pinus-rpc\lib\rpc-client\mailboxes\mqtt-mailbox.ts:206:18)
    at listOnTimeout (internal/timers.js:531:17)
    at processTimers (internal/timers.js:475:7)
[2020-03-02T11:35:32.371] [ERROR] pinus-rpc - [connector-server-1 mqtt-mailbox] rpc connector-server-1 callback timeout 30000, remote server 4 host: 127.0.0.1, port: 6050Error: 
    at Logger.pLogger.<computed> [as error] (C:\Users\Administrator\Desktop\testServer\game-server\node_modules\pinus-logger\lib\logger.ts:70:34)
    at Timeout.<anonymous> (C:\Users\Administrator\Desktop\testServer\game-server\node_modules\pinus-rpc\lib\rpc-client\mailboxes\mqtt-mailbox.ts:288:20)
    at listOnTimeout (internal/timers.js:531:17)
    at processTimers (internal/timers.js:475:7)
[2020-03-02T11:35:32.382] [ERROR] pinus-rpc - [connector-server-1 MailStation] [pinus-rpc] fail to send message Error: rpc connector-server-1 callback timeout 30000, remote server 4 host: 127.0.0.1, port: 6050
    at Timeout.<anonymous> (C:\Users\Administrator\Desktop\testServer\game-server\node_modules\pinus-rpc\lib\rpc-client\mailboxes\mqtt-mailbox.ts:289:24)
    at listOnTimeout (internal/timers.js:531:17)
    at processTimers (internal/timers.js:475:7)Error: 
    at Logger.pLogger.<computed> [as error] (C:\Users\Administrator\Desktop\testServer\game-server\node_modules\pinus-logger\lib\logger.ts:70:34)
    at C:\Users\Administrator\Desktop\testServer\game-server\node_modules\pinus-rpc\lib\rpc-client\mailstation.ts:289:28
    at Timeout.<anonymous> (C:\Users\Administrator\Desktop\testServer\game-server\node_modules\pinus-rpc\lib\rpc-client\mailboxes\mqtt-mailbox.ts:289:13)
    at listOnTimeout (internal/timers.js:531:17)
    at processTimers (internal/timers.js:475:7)
[2020-03-02T11:35:32.387] [ERROR] pinus-rpc - [connector-server-1 failprocess] rpc failed with error, remote server: game-server_1, msg: {"namespace":"sys","serverType":"game","service":"msgRemote","method":"forwardMessage","args":[{"id":3,"type":0,"compressRoute":0,"route":"game.chatHandler.send","body":{"rid":"aaa","content":"asa","from":"111","target":"111"},"compressGzip":0},{"id":1,"frontendId":"connector-server-1","uid":null,"settings":{"rid":"aaa"}}]}, error code: 5Error: 
    at Logger.pLogger.<computed> [as error] (C:\Users\Administrator\Desktop\testServer\game-server\node_modules\pinus-logger\lib\logger.ts:70:34)
    at MailStation.failfast (C:\Users\Administrator\Desktop\testServer\game-server\node_modules\pinus-rpc\lib\rpc-client\failureProcess.ts:158:12)
    at MailStation.failureProcess (C:\Users\Administrator\Desktop\testServer\game-server\node_modules\pinus-rpc\lib\rpc-client\failureProcess.ts:34:12)
    at MailStation.emit (events.js:210:5)
    at C:\Users\Administrator\Desktop\testServer\game-server\node_modules\pinus-rpc\lib\rpc-client\mailstation.ts:290:26
    at Timeout.<anonymous> (C:\Users\Administrator\Desktop\testServer\game-server\node_modules\pinus-rpc\lib\rpc-client\mailboxes\mqtt-mailbox.ts:289:13)
    at listOnTimeout (internal/timers.js:531:17)
    at processTimers (internal/timers.js:475:7)
[2020-03-02T11:35:32.415] [ERROR] pinus-rpc - [connector-server-1 mqtt-mailbox] mqtt rpc client connector-server-1 checkKeepAlive timeout from remote server game-server_1 for 20000 lastPing: 1583120102388 lastPong: 1583120092393Error: 
    at Logger.pLogger.<computed> [as error] (C:\Users\Administrator\Desktop\testServer\game-server\node_modules\pinus-logger\lib\logger.ts:70:34)
    at MailBox.checkKeepAlive (C:\Users\Administrator\Desktop\testServer\game-server\node_modules\pinus-rpc\lib\rpc-client\mailboxes\mqtt-mailbox.ts:221:28)
    at Timeout._onTimeout (C:\Users\Administrator\Desktop\testServer\game-server\node_modules\pinus-rpc\lib\rpc-client\mailboxes\mqtt-mailbox.ts:206:18)
    at listOnTimeout (internal/timers.js:531:17)
    at processTimers (internal/timers.js:475:7)
[2020-03-02T11:36:39.172] [ERROR] pinus-rpc - [connector-server-1 mqtt-mailbox] rpc connector-server-1 callback timeout 30000, remote server 0 host: 127.0.0.1, port: 6050Error: 
    at Logger.pLogger.<computed> [as error] (C:\Users\Administrator\Desktop\testServer\game-server\node_modules\pinus-logger\lib\logger.ts:70:34)
    at Timeout.<anonymous> (C:\Users\Administrator\Desktop\testServer\game-server\node_modules\pinus-rpc\lib\rpc-client\mailboxes\mqtt-mailbox.ts:288:20)
    at listOnTimeout (internal/timers.js:531:17)
    at processTimers (internal/timers.js:475:7)
[2020-03-02T11:36:39.173] [ERROR] pinus-rpc - [connector-server-1 MailStation] [pinus-rpc] fail to send message Error: rpc connector-server-1 callback timeout 30000, remote server 0 host: 127.0.0.1, port: 6050
    at Timeout.<anonymous> (C:\Users\Administrator\Desktop\testServer\game-server\node_modules\pinus-rpc\lib\rpc-client\mailboxes\mqtt-mailbox.ts:289:24)
    at listOnTimeout (internal/timers.js:531:17)
    at processTimers (internal/timers.js:475:7)Error: 
    at Logger.pLogger.<computed> [as error] (C:\Users\Administrator\Desktop\testServer\game-server\node_modules\pinus-logger\lib\logger.ts:70:34)
    at C:\Users\Administrator\Desktop\testServer\game-server\node_modules\pinus-rpc\lib\rpc-client\mailstation.ts:289:28
    at Timeout.<anonymous> (C:\Users\Administrator\Desktop\testServer\game-server\node_modules\pinus-rpc\lib\rpc-client\mailboxes\mqtt-mailbox.ts:289:13)
    at listOnTimeout (internal/timers.js:531:17)
    at processTimers (internal/timers.js:475:7)
[2020-03-02T11:36:39.174] [ERROR] pinus-rpc - [connector-server-1 failprocess] rpc failed with error, remote server: game-server_1, msg: {"namespace":"sys","serverType":"game","service":"msgRemote","method":"forwardMessage","args":[{"id":4,"type":0,"compressRoute":0,"route":"game.chatHandler.send","body":{"rid":"aaa","content":"sadas","from":"111","target":"111"},"compressGzip":0},{"id":1,"frontendId":"connector-server-1","uid":null,"settings":{"rid":"aaa"}}]}, error code: 5Error: 
    at Logger.pLogger.<computed> [as error] (C:\Users\Administrator\Desktop\testServer\game-server\node_modules\pinus-logger\lib\logger.ts:70:34)
    at MailStation.failfast (C:\Users\Administrator\Desktop\testServer\game-server\node_modules\pinus-rpc\lib\rpc-client\failureProcess.ts:158:12)
    at MailStation.failureProcess (C:\Users\Administrator\Desktop\testServer\game-server\node_modules\pinus-rpc\lib\rpc-client\failureProcess.ts:34:12)
    at MailStation.emit (events.js:210:5)
    at C:\Users\Administrator\Desktop\testServer\game-server\node_modules\pinus-rpc\lib\rpc-client\mailstation.ts:290:26
    at Timeout.<anonymous> (C:\Users\Administrator\Desktop\testServer\game-server\node_modules\pinus-rpc\lib\rpc-client\mailboxes\mqtt-mailbox.ts:289:13)
    at listOnTimeout (internal/timers.js:531:17)
    at processTimers (internal/timers.js:475:7)
[2020-03-02T11:36:39.180] [ERROR] pinus-rpc - [connector-server-1 mqtt-mailbox] mqtt rpc client connector-server-1 checkKeepAlive timeout from remote server game-server_1 for 20000 lastPing: 1583120179173 lastPong: -1Error: 
    at Logger.pLogger.<computed> [as error] (C:\Users\Administrator\Desktop\testServer\game-server\node_modules\pinus-logger\lib\logger.ts:70:34)
    at MailBox.checkKeepAlive (C:\Users\Administrator\Desktop\testServer\game-server\node_modules\pinus-rpc\lib\rpc-client\mailboxes\mqtt-mailbox.ts:221:28)
    at Timeout._onTimeout (C:\Users\Administrator\Desktop\testServer\game-server\node_modules\pinus-rpc\lib\rpc-client\mailboxes\mqtt-mailbox.ts:206:18)
    at listOnTimeout (internal/timers.js:531:17)
    at processTimers (internal/timers.js:475:7)
[2020-03-02T11:43:05.212] [ERROR] pinus-rpc - [connector-server-1 mqtt-mailbox] mqtt rpc client connector-server-1 checkKeepAlive timeout from remote server game-server_1 for 20000 lastPing: 1583120565160 lastPong: 1583120555178Error: 
    at Logger.pLogger.<computed> [as error] (C:\Users\Administrator\Desktop\testServer\game-server\node_modules\pinus-logger\lib\logger.ts:70:34)
    at MailBox.checkKeepAlive (C:\Users\Administrator\Desktop\testServer\game-server\node_modules\pinus-rpc\lib\rpc-client\mailboxes\mqtt-mailbox.ts:221:28)
    at Timeout._onTimeout (C:\Users\Administrator\Desktop\testServer\game-server\node_modules\pinus-rpc\lib\rpc-client\mailboxes\mqtt-mailbox.ts:206:18)
    at listOnTimeout (internal/timers.js:531:17)
    at processTimers (internal/timers.js:475:7)
[2020-03-02T11:43:07.357] [ERROR] pinus-rpc - [connector-server-1 mqtt-mailbox] rpc connector-server-1 callback timeout 30000, remote server 1 host: 127.0.0.1, port: 6050Error: 
    at Logger.pLogger.<computed> [as error] (C:\Users\Administrator\Desktop\testServer\game-server\node_modules\pinus-logger\lib\logger.ts:70:34)
    at Timeout.<anonymous> (C:\Users\Administrator\Desktop\testServer\game-server\node_modules\pinus-rpc\lib\rpc-client\mailboxes\mqtt-mailbox.ts:288:20)
    at listOnTimeout (internal/timers.js:531:17)
    at processTimers (internal/timers.js:475:7)
[2020-03-02T11:43:07.402] [ERROR] pinus-rpc - [connector-server-1 MailStation] [pinus-rpc] fail to send message Error: rpc connector-server-1 callback timeout 30000, remote server 1 host: 127.0.0.1, port: 6050
    at Timeout.<anonymous> (C:\Users\Administrator\Desktop\testServer\game-server\node_modules\pinus-rpc\lib\rpc-client\mailboxes\mqtt-mailbox.ts:289:24)
    at listOnTimeout (internal/timers.js:531:17)
    at processTimers (internal/timers.js:475:7)Error: 
    at Logger.pLogger.<computed> [as error] (C:\Users\Administrator\Desktop\testServer\game-server\node_modules\pinus-logger\lib\logger.ts:70:34)
    at C:\Users\Administrator\Desktop\testServer\game-server\node_modules\pinus-rpc\lib\rpc-client\mailstation.ts:289:28
    at Timeout.<anonymous> (C:\Users\Administrator\Desktop\testServer\game-server\node_modules\pinus-rpc\lib\rpc-client\mailboxes\mqtt-mailbox.ts:289:13)
    at listOnTimeout (internal/timers.js:531:17)
    at processTimers (internal/timers.js:475:7)
[2020-03-02T11:43:07.419] [ERROR] pinus-rpc - [connector-server-1 failprocess] rpc failed with error, remote server: game-server_1, msg: {"namespace":"user","serverType":"game","service":"gameRemote","method":"add","args":["111*aaa","connector-server-1","aaa",true]}, error code: 5Error: 
    at Logger.pLogger.<computed> [as error] (C:\Users\Administrator\Desktop\testServer\game-server\node_modules\pinus-logger\lib\logger.ts:70:34)
    at MailStation.failfast (C:\Users\Administrator\Desktop\testServer\game-server\node_modules\pinus-rpc\lib\rpc-client\failureProcess.ts:158:12)
    at MailStation.failureProcess (C:\Users\Administrator\Desktop\testServer\game-server\node_modules\pinus-rpc\lib\rpc-client\failureProcess.ts:34:12)
    at MailStation.emit (events.js:210:5)
    at C:\Users\Administrator\Desktop\testServer\game-server\node_modules\pinus-rpc\lib\rpc-client\mailstation.ts:290:26
    at Timeout.<anonymous> (C:\Users\Administrator\Desktop\testServer\game-server\node_modules\pinus-rpc\lib\rpc-client\mailboxes\mqtt-mailbox.ts:289:13)
    at listOnTimeout (internal/timers.js:531:17)
    at processTimers (internal/timers.js:475:7)
